<?xml version="1.0" encoding="UTF-8"?>
<!-- Generated by org.testng.reporters.JUnitReportReporter -->
<testsuite hostname="Rajesh" name="org.product.LoginTest" tests="4" failures="0" timestamp="29 Jan 2021 05:16:11 GMT" time="16.553" errors="0">
  <testcase name="validateUsername" time="0.409" classname="org.product.LoginTest"/>
  <testcase name="validatePassword" time="0.297" classname="org.product.LoginTest"/>
  <testcase name="test01" time="5.144" classname="org.product.LoginTest"/>
  <testcase name="errorTextValidate" time="10.703" classname="org.product.LoginTest"/>
</testsuite> <!-- org.product.LoginTest -->
