<?xml version="1.0" encoding="UTF-8"?>
<!-- Generated by org.testng.reporters.JUnitReportReporter -->
<testsuite hostname="Rajesh" name="org.product.Iphone11Availabitiy" tests="2" failures="0" timestamp="28 Jan 2021 07:38:48 GMT" time="146.007" errors="0">
  <testcase name="getGecho" time="100.971" classname="org.product.Iphone11Availabitiy"/>
  <testcase name="getchrome" time="45.036" classname="org.product.Iphone11Availabitiy"/>
</testsuite> <!-- org.product.Iphone11Availabitiy -->
