<?xml version="1.0" encoding="UTF-8"?>
<!-- Generated by org.testng.reporters.JUnitReportReporter -->
<testsuite hostname="Rajesh" name="org.base.BaseClass" tests="1" failures="0" timestamp="29 Jan 2021 05:19:38 GMT" time="0.016" errors="0">
  <testcase name="test02" time="0.016" classname="org.base.BaseClass"/>
</testsuite> <!-- org.base.BaseClass -->
